2023-05-23 15:21:39,138 [main] INFO : Configured scenario log at logs/scenario_20230523_162138_788.log
2023-05-23 15:21:39,142 [main] INFO : Running NoSQLBench Version 5.17.3-release
2023-05-23 15:21:39,149 [main] INFO : command-line: --list-workloads
2023-05-23 15:21:39,457 [main] INFO : client-hardware: {"if-speeds":["10Gib"],"heap-max-GiB":"7.84","processor-name":"11th Gen Intel(R) Core(TM) i7-11850H @ 2.50GHz","memory-GiB":"31.35","sockets":"1","logical-cores":"6","max-frequency-ghz":"0.00","physical-cores":"3"}
2023-05-23 15:21:39,616 [main] INFO : workload URI: 'jar:file:///tmp/.mount_nb5CHuxLD/usr/bin/nb5.jar!/activities/mongodb-search-basic.yaml'
2023-05-23 15:21:39,668 [main] INFO : workload URI: 'jar:file:///tmp/.mount_nb5CHuxLD/usr/bin/nb5.jar!/activities/mongodb-basic.yaml'
2023-05-23 15:21:39,677 [main] INFO : workload URI: 'jar:file:///tmp/.mount_nb5CHuxLD/usr/bin/nb5.jar!/activities/mongodb-crud-basic.yaml'
2023-05-23 15:21:39,686 [main] INFO : workload URI: 'jar:file:///tmp/.mount_nb5CHuxLD/usr/bin/nb5.jar!/activities/mongodb-basic-uuid.yaml'
2023-05-23 15:21:39,693 [main] INFO : workload URI: 'jar:file:///tmp/.mount_nb5CHuxLD/usr/bin/nb5.jar!/activities/mongodb-crud-dataset.yaml'
2023-05-23 15:21:39,700 [main] INFO : workload URI: 'jar:file:///tmp/.mount_nb5CHuxLD/usr/bin/nb5.jar!/activities/graphql-cql-first/http-graphql-cql-timeseries.yaml'
2023-05-23 15:21:39,710 [main] INFO : workload URI: 'jar:file:///tmp/.mount_nb5CHuxLD/usr/bin/nb5.jar!/activities/graphql-cql-first/http-graphql-cql-tabular.yaml'
2023-05-23 15:21:39,719 [main] INFO : workload URI: 'jar:file:///tmp/.mount_nb5CHuxLD/usr/bin/nb5.jar!/activities/graphql-cql-first/http-graphql-cql-keyvalue.yaml'
2023-05-23 15:21:39,725 [main] INFO : workload URI: 'jar:file:///tmp/.mount_nb5CHuxLD/usr/bin/nb5.jar!/activities/documents-api/http-docsapi-keyvalue.yaml'
2023-05-23 15:21:39,733 [main] INFO : workload URI: 'jar:file:///tmp/.mount_nb5CHuxLD/usr/bin/nb5.jar!/activities/documents-api/http-docsapi-search-advanced.yaml'
2023-05-23 15:21:39,745 [main] INFO : workload URI: 'jar:file:///tmp/.mount_nb5CHuxLD/usr/bin/nb5.jar!/activities/documents-api/http-docsapi-search-basic.yaml'
2023-05-23 15:21:39,754 [main] INFO : workload URI: 'jar:file:///tmp/.mount_nb5CHuxLD/usr/bin/nb5.jar!/activities/documents-api/http-docsapi-crud-basic.yaml'
2023-05-23 15:21:39,761 [main] INFO : workload URI: 'jar:file:///tmp/.mount_nb5CHuxLD/usr/bin/nb5.jar!/activities/documents-api/http-docsapi-crud-dataset.yaml'
2023-05-23 15:21:39,766 [main] INFO : workload URI: 'jar:file:///tmp/.mount_nb5CHuxLD/usr/bin/nb5.jar!/activities/graphql-schema-first/http-graphql-timeseries.yaml'
2023-05-23 15:21:39,772 [main] INFO : workload URI: 'jar:file:///tmp/.mount_nb5CHuxLD/usr/bin/nb5.jar!/activities/graphql-schema-first/http-graphql-keyvalue.yaml'
2023-05-23 15:21:39,777 [main] INFO : workload URI: 'jar:file:///tmp/.mount_nb5CHuxLD/usr/bin/nb5.jar!/activities/graphql-schema-first/http-graphql-tabular.yaml'
2023-05-23 15:21:39,784 [main] INFO : workload URI: 'jar:file:///tmp/.mount_nb5CHuxLD/usr/bin/nb5.jar!/activities/baselines/http-rest-keyvalue.yaml'
2023-05-23 15:21:39,789 [main] INFO : workload URI: 'jar:file:///tmp/.mount_nb5CHuxLD/usr/bin/nb5.jar!/activities/baselines/http-rest-tabular.yaml'
2023-05-23 15:21:39,794 [main] INFO : workload URI: 'jar:file:///tmp/.mount_nb5CHuxLD/usr/bin/nb5.jar!/activities/baselines/http-rest-timeseries.yaml'
2023-05-23 15:21:39,799 [main] INFO : workload URI: 'jar:file:///tmp/.mount_nb5CHuxLD/usr/bin/nb5.jar!/activities/baselines/http-rest-starter.yaml'
2023-05-23 15:21:39,804 [main] INFO : workload URI: 'jar:file:///tmp/.mount_nb5CHuxLD/usr/bin/nb5.jar!/activities/baselines/cql-iot.yaml'
2023-05-23 15:21:39,809 [main] INFO : workload URI: 'jar:file:///tmp/.mount_nb5CHuxLD/usr/bin/nb5.jar!/activities/baselines/graph-wheels.yaml'
2023-05-23 15:21:39,816 [main] INFO : workload URI: 'jar:file:///tmp/.mount_nb5CHuxLD/usr/bin/nb5.jar!/activities/baselines/incremental.yaml'
2023-05-23 15:21:39,828 [main] INFO : workload URI: 'jar:file:///tmp/.mount_nb5CHuxLD/usr/bin/nb5.jar!/activities/baselines/cql-keyvalue.yaml'
2023-05-23 15:21:39,833 [main] INFO : workload URI: 'jar:file:///tmp/.mount_nb5CHuxLD/usr/bin/nb5.jar!/activities/baselines/cql-tabular.yaml'
2023-05-23 15:21:39,837 [main] INFO : workload URI: 'jar:file:///tmp/.mount_nb5CHuxLD/usr/bin/nb5.jar!/activities/baselines/cql-starter.yaml'
2023-05-23 15:21:39,841 [main] INFO : workload URI: 'jar:file:///tmp/.mount_nb5CHuxLD/usr/bin/nb5.jar!/activities/baselines/cql-iot-dse.yaml'
2023-05-23 15:21:39,844 [main] INFO : workload URI: 'jar:file:///tmp/.mount_nb5CHuxLD/usr/bin/nb5.jar!/activities/examples/cql-rowops.yaml'
2023-05-23 15:21:39,849 [main] INFO : workload URI: 'jar:file:///tmp/.mount_nb5CHuxLD/usr/bin/nb5.jar!/activities/examples/bindings/date.yaml'
2023-05-23 15:21:39,852 [main] INFO : workload URI: 'jar:file:///tmp/.mount_nb5CHuxLD/usr/bin/nb5.jar!/activities/examples/bindings/text.yaml'
2023-05-23 15:21:39,855 [main] INFO : workload URI: 'jar:file:///tmp/.mount_nb5CHuxLD/usr/bin/nb5.jar!/activities/examples/bindings/timeuuid.yaml'
2023-05-23 15:21:39,857 [main] INFO : workload URI: 'jar:file:///tmp/.mount_nb5CHuxLD/usr/bin/nb5.jar!/activities/examples/bindings/timestamp.yaml'
2023-05-23 15:21:39,860 [main] INFO : workload URI: 'jar:file:///tmp/.mount_nb5CHuxLD/usr/bin/nb5.jar!/activities/examples/bindings/expr.yaml'
2023-05-23 15:21:39,862 [main] INFO : workload URI: 'jar:file:///tmp/.mount_nb5CHuxLD/usr/bin/nb5.jar!/activities/examples/bindings/uuid.yaml'
2023-05-23 15:21:39,864 [main] INFO : workload URI: 'jar:file:///tmp/.mount_nb5CHuxLD/usr/bin/nb5.jar!/activities/examples/bindings/cqltypes.yaml'
2023-05-23 15:21:39,866 [main] INFO : workload URI: 'jar:file:///tmp/.mount_nb5CHuxLD/usr/bin/nb5.jar!/activities/baselinesv2/cql-keyvalue2.yaml'
2023-05-23 15:21:39,870 [main] INFO : workload URI: 'jar:file:///tmp/.mount_nb5CHuxLD/usr/bin/nb5.jar!/activities/baselinesv2/cql-tabular2.yaml'
2023-05-23 15:21:39,874 [main] INFO : workload URI: 'jar:file:///tmp/.mount_nb5CHuxLD/usr/bin/nb5.jar!/activities/baselinesv2/cql-keyvalue2-bulky.yaml'
2023-05-23 15:21:39,879 [main] INFO : workload URI: 'jar:file:///tmp/.mount_nb5CHuxLD/usr/bin/nb5.jar!/activities/baselinesv2/cql-timeseries2.yaml'
2023-05-23 15:21:39,884 [main] INFO : workload URI: 'jar:file:///tmp/.mount_nb5CHuxLD/usr/bin/nb5.jar!/activities/baselinesv2/dynamodb-tabular2.yaml'
2023-05-23 15:21:39,888 [main] INFO : workload URI: 'jar:file:///tmp/.mount_nb5CHuxLD/usr/bin/nb5.jar!/activities/baselinesv2/dynamodb-timeseries2.yaml'
2023-05-23 15:21:39,891 [main] INFO : workload URI: 'jar:file:///tmp/.mount_nb5CHuxLD/usr/bin/nb5.jar!/activities/baselinesv2/dynamodb-keyvalue2.yaml'
2023-05-23 15:21:39,895 [main] INFO : workload URI: 'jar:file:///tmp/.mount_nb5CHuxLD/usr/bin/nb5.jar!/activities/baselinesv2/mongodb-tabular2.yaml'
2023-05-23 15:21:39,899 [main] INFO : workload URI: 'jar:file:///tmp/.mount_nb5CHuxLD/usr/bin/nb5.jar!/activities/baselinesv2/mongodb-keyvalue2.yaml'
2023-05-23 15:21:39,902 [main] INFO : workload URI: 'jar:file:///tmp/.mount_nb5CHuxLD/usr/bin/nb5.jar!/activities/baselinesv2/mongodb-timeseries2.yaml'
