2023-05-23 15:21:52,087 [main] INFO : Configured scenario log at logs/scenario_20230523_162151_747.log
2023-05-23 15:21:52,091 [main] INFO : Running NoSQLBench Version 5.17.3-release
2023-05-23 15:21:52,097 [main] INFO : command-line: --list-workloads
2023-05-23 15:21:52,390 [main] INFO : client-hardware: {"physical-cores":"3","if-speeds":["10Gib"],"heap-max-GiB":"7.84","processor-name":"11th Gen Intel(R) Core(TM) i7-11850H @ 2.50GHz","memory-GiB":"31.35","sockets":"1","logical-cores":"6","max-frequency-ghz":"0.00"}
2023-05-23 15:21:52,555 [main] INFO : workload URI: 'jar:file:///tmp/.mount_nb5uCmKed/usr/bin/nb5.jar!/activities/mongodb-search-basic.yaml'
2023-05-23 15:21:52,610 [main] INFO : workload URI: 'jar:file:///tmp/.mount_nb5uCmKed/usr/bin/nb5.jar!/activities/mongodb-basic.yaml'
2023-05-23 15:21:52,618 [main] INFO : workload URI: 'jar:file:///tmp/.mount_nb5uCmKed/usr/bin/nb5.jar!/activities/mongodb-crud-basic.yaml'
2023-05-23 15:21:52,626 [main] INFO : workload URI: 'jar:file:///tmp/.mount_nb5uCmKed/usr/bin/nb5.jar!/activities/mongodb-basic-uuid.yaml'
2023-05-23 15:21:52,634 [main] INFO : workload URI: 'jar:file:///tmp/.mount_nb5uCmKed/usr/bin/nb5.jar!/activities/mongodb-crud-dataset.yaml'
2023-05-23 15:21:52,639 [main] INFO : workload URI: 'jar:file:///tmp/.mount_nb5uCmKed/usr/bin/nb5.jar!/activities/graphql-cql-first/http-graphql-cql-timeseries.yaml'
2023-05-23 15:21:52,648 [main] INFO : workload URI: 'jar:file:///tmp/.mount_nb5uCmKed/usr/bin/nb5.jar!/activities/graphql-cql-first/http-graphql-cql-tabular.yaml'
2023-05-23 15:21:52,655 [main] INFO : workload URI: 'jar:file:///tmp/.mount_nb5uCmKed/usr/bin/nb5.jar!/activities/graphql-cql-first/http-graphql-cql-keyvalue.yaml'
2023-05-23 15:21:52,663 [main] INFO : workload URI: 'jar:file:///tmp/.mount_nb5uCmKed/usr/bin/nb5.jar!/activities/documents-api/http-docsapi-keyvalue.yaml'
2023-05-23 15:21:52,672 [main] INFO : workload URI: 'jar:file:///tmp/.mount_nb5uCmKed/usr/bin/nb5.jar!/activities/documents-api/http-docsapi-search-advanced.yaml'
2023-05-23 15:21:52,683 [main] INFO : workload URI: 'jar:file:///tmp/.mount_nb5uCmKed/usr/bin/nb5.jar!/activities/documents-api/http-docsapi-search-basic.yaml'
2023-05-23 15:21:52,692 [main] INFO : workload URI: 'jar:file:///tmp/.mount_nb5uCmKed/usr/bin/nb5.jar!/activities/documents-api/http-docsapi-crud-basic.yaml'
2023-05-23 15:21:52,700 [main] INFO : workload URI: 'jar:file:///tmp/.mount_nb5uCmKed/usr/bin/nb5.jar!/activities/documents-api/http-docsapi-crud-dataset.yaml'
2023-05-23 15:21:52,705 [main] INFO : workload URI: 'jar:file:///tmp/.mount_nb5uCmKed/usr/bin/nb5.jar!/activities/graphql-schema-first/http-graphql-timeseries.yaml'
2023-05-23 15:21:52,712 [main] INFO : workload URI: 'jar:file:///tmp/.mount_nb5uCmKed/usr/bin/nb5.jar!/activities/graphql-schema-first/http-graphql-keyvalue.yaml'
2023-05-23 15:21:52,718 [main] INFO : workload URI: 'jar:file:///tmp/.mount_nb5uCmKed/usr/bin/nb5.jar!/activities/graphql-schema-first/http-graphql-tabular.yaml'
2023-05-23 15:21:52,725 [main] INFO : workload URI: 'jar:file:///tmp/.mount_nb5uCmKed/usr/bin/nb5.jar!/activities/baselines/http-rest-keyvalue.yaml'
2023-05-23 15:21:52,732 [main] INFO : workload URI: 'jar:file:///tmp/.mount_nb5uCmKed/usr/bin/nb5.jar!/activities/baselines/http-rest-tabular.yaml'
2023-05-23 15:21:52,737 [main] INFO : workload URI: 'jar:file:///tmp/.mount_nb5uCmKed/usr/bin/nb5.jar!/activities/baselines/http-rest-timeseries.yaml'
2023-05-23 15:21:52,741 [main] INFO : workload URI: 'jar:file:///tmp/.mount_nb5uCmKed/usr/bin/nb5.jar!/activities/baselines/http-rest-starter.yaml'
2023-05-23 15:21:52,747 [main] INFO : workload URI: 'jar:file:///tmp/.mount_nb5uCmKed/usr/bin/nb5.jar!/activities/baselines/cql-iot.yaml'
2023-05-23 15:21:52,753 [main] INFO : workload URI: 'jar:file:///tmp/.mount_nb5uCmKed/usr/bin/nb5.jar!/activities/baselines/graph-wheels.yaml'
2023-05-23 15:21:52,761 [main] INFO : workload URI: 'jar:file:///tmp/.mount_nb5uCmKed/usr/bin/nb5.jar!/activities/baselines/incremental.yaml'
2023-05-23 15:21:52,772 [main] INFO : workload URI: 'jar:file:///tmp/.mount_nb5uCmKed/usr/bin/nb5.jar!/activities/baselines/cql-keyvalue.yaml'
2023-05-23 15:21:52,778 [main] INFO : workload URI: 'jar:file:///tmp/.mount_nb5uCmKed/usr/bin/nb5.jar!/activities/baselines/cql-tabular.yaml'
2023-05-23 15:21:52,783 [main] INFO : workload URI: 'jar:file:///tmp/.mount_nb5uCmKed/usr/bin/nb5.jar!/activities/baselines/cql-starter.yaml'
2023-05-23 15:21:52,788 [main] INFO : workload URI: 'jar:file:///tmp/.mount_nb5uCmKed/usr/bin/nb5.jar!/activities/baselines/cql-iot-dse.yaml'
2023-05-23 15:21:52,793 [main] INFO : workload URI: 'jar:file:///tmp/.mount_nb5uCmKed/usr/bin/nb5.jar!/activities/examples/cql-rowops.yaml'
2023-05-23 15:21:52,800 [main] INFO : workload URI: 'jar:file:///tmp/.mount_nb5uCmKed/usr/bin/nb5.jar!/activities/examples/bindings/date.yaml'
2023-05-23 15:21:52,803 [main] INFO : workload URI: 'jar:file:///tmp/.mount_nb5uCmKed/usr/bin/nb5.jar!/activities/examples/bindings/text.yaml'
2023-05-23 15:21:52,806 [main] INFO : workload URI: 'jar:file:///tmp/.mount_nb5uCmKed/usr/bin/nb5.jar!/activities/examples/bindings/timeuuid.yaml'
2023-05-23 15:21:52,810 [main] INFO : workload URI: 'jar:file:///tmp/.mount_nb5uCmKed/usr/bin/nb5.jar!/activities/examples/bindings/timestamp.yaml'
2023-05-23 15:21:52,813 [main] INFO : workload URI: 'jar:file:///tmp/.mount_nb5uCmKed/usr/bin/nb5.jar!/activities/examples/bindings/expr.yaml'
2023-05-23 15:21:52,816 [main] INFO : workload URI: 'jar:file:///tmp/.mount_nb5uCmKed/usr/bin/nb5.jar!/activities/examples/bindings/uuid.yaml'
2023-05-23 15:21:52,819 [main] INFO : workload URI: 'jar:file:///tmp/.mount_nb5uCmKed/usr/bin/nb5.jar!/activities/examples/bindings/cqltypes.yaml'
2023-05-23 15:21:52,821 [main] INFO : workload URI: 'jar:file:///tmp/.mount_nb5uCmKed/usr/bin/nb5.jar!/activities/baselinesv2/cql-keyvalue2.yaml'
2023-05-23 15:21:52,825 [main] INFO : workload URI: 'jar:file:///tmp/.mount_nb5uCmKed/usr/bin/nb5.jar!/activities/baselinesv2/cql-tabular2.yaml'
2023-05-23 15:21:52,830 [main] INFO : workload URI: 'jar:file:///tmp/.mount_nb5uCmKed/usr/bin/nb5.jar!/activities/baselinesv2/cql-keyvalue2-bulky.yaml'
2023-05-23 15:21:52,834 [main] INFO : workload URI: 'jar:file:///tmp/.mount_nb5uCmKed/usr/bin/nb5.jar!/activities/baselinesv2/cql-timeseries2.yaml'
2023-05-23 15:21:52,839 [main] INFO : workload URI: 'jar:file:///tmp/.mount_nb5uCmKed/usr/bin/nb5.jar!/activities/baselinesv2/dynamodb-tabular2.yaml'
2023-05-23 15:21:52,845 [main] INFO : workload URI: 'jar:file:///tmp/.mount_nb5uCmKed/usr/bin/nb5.jar!/activities/baselinesv2/dynamodb-timeseries2.yaml'
2023-05-23 15:21:52,849 [main] INFO : workload URI: 'jar:file:///tmp/.mount_nb5uCmKed/usr/bin/nb5.jar!/activities/baselinesv2/dynamodb-keyvalue2.yaml'
2023-05-23 15:21:52,853 [main] INFO : workload URI: 'jar:file:///tmp/.mount_nb5uCmKed/usr/bin/nb5.jar!/activities/baselinesv2/mongodb-tabular2.yaml'
2023-05-23 15:21:52,857 [main] INFO : workload URI: 'jar:file:///tmp/.mount_nb5uCmKed/usr/bin/nb5.jar!/activities/baselinesv2/mongodb-keyvalue2.yaml'
2023-05-23 15:21:52,862 [main] INFO : workload URI: 'jar:file:///tmp/.mount_nb5uCmKed/usr/bin/nb5.jar!/activities/baselinesv2/mongodb-timeseries2.yaml'
