2023-05-23 15:21:26,408 [main] INFO : Configured scenario log at logs/scenario_20230523_162126_056.log
2023-05-23 15:21:26,412 [main] INFO : Running NoSQLBench Version 5.17.3-release
2023-05-23 15:21:26,419 [main] INFO : command-line: --list-scenarios
2023-05-23 15:21:26,778 [main] INFO : client-hardware: {"logical-cores":"6","sockets":"1","memory-GiB":"31.35","processor-name":"11th Gen Intel(R) Core(TM) i7-11850H @ 2.50GHz","heap-max-GiB":"7.84","if-speeds":["10Gib"],"physical-cores":"3","max-frequency-ghz":"0.00"}
2023-05-23 15:21:26,941 [main] INFO : workload URI: 'jar:file:///tmp/.mount_nb5oJh10P/usr/bin/nb5.jar!/activities/mongodb-search-basic.yaml'
2023-05-23 15:21:26,996 [main] INFO : workload URI: 'jar:file:///tmp/.mount_nb5oJh10P/usr/bin/nb5.jar!/activities/mongodb-basic.yaml'
2023-05-23 15:21:27,003 [main] INFO : workload URI: 'jar:file:///tmp/.mount_nb5oJh10P/usr/bin/nb5.jar!/activities/mongodb-crud-basic.yaml'
2023-05-23 15:21:27,013 [main] INFO : workload URI: 'jar:file:///tmp/.mount_nb5oJh10P/usr/bin/nb5.jar!/activities/mongodb-basic-uuid.yaml'
2023-05-23 15:21:27,020 [main] INFO : workload URI: 'jar:file:///tmp/.mount_nb5oJh10P/usr/bin/nb5.jar!/activities/mongodb-crud-dataset.yaml'
2023-05-23 15:21:27,027 [main] INFO : workload URI: 'jar:file:///tmp/.mount_nb5oJh10P/usr/bin/nb5.jar!/activities/graphql-cql-first/http-graphql-cql-timeseries.yaml'
2023-05-23 15:21:27,036 [main] INFO : workload URI: 'jar:file:///tmp/.mount_nb5oJh10P/usr/bin/nb5.jar!/activities/graphql-cql-first/http-graphql-cql-tabular.yaml'
2023-05-23 15:21:27,046 [main] INFO : workload URI: 'jar:file:///tmp/.mount_nb5oJh10P/usr/bin/nb5.jar!/activities/graphql-cql-first/http-graphql-cql-keyvalue.yaml'
2023-05-23 15:21:27,053 [main] INFO : workload URI: 'jar:file:///tmp/.mount_nb5oJh10P/usr/bin/nb5.jar!/activities/documents-api/http-docsapi-keyvalue.yaml'
2023-05-23 15:21:27,063 [main] INFO : workload URI: 'jar:file:///tmp/.mount_nb5oJh10P/usr/bin/nb5.jar!/activities/documents-api/http-docsapi-search-advanced.yaml'
2023-05-23 15:21:27,076 [main] INFO : workload URI: 'jar:file:///tmp/.mount_nb5oJh10P/usr/bin/nb5.jar!/activities/documents-api/http-docsapi-search-basic.yaml'
2023-05-23 15:21:27,084 [main] INFO : workload URI: 'jar:file:///tmp/.mount_nb5oJh10P/usr/bin/nb5.jar!/activities/documents-api/http-docsapi-crud-basic.yaml'
2023-05-23 15:21:27,092 [main] INFO : workload URI: 'jar:file:///tmp/.mount_nb5oJh10P/usr/bin/nb5.jar!/activities/documents-api/http-docsapi-crud-dataset.yaml'
2023-05-23 15:21:27,097 [main] INFO : workload URI: 'jar:file:///tmp/.mount_nb5oJh10P/usr/bin/nb5.jar!/activities/graphql-schema-first/http-graphql-timeseries.yaml'
2023-05-23 15:21:27,102 [main] INFO : workload URI: 'jar:file:///tmp/.mount_nb5oJh10P/usr/bin/nb5.jar!/activities/graphql-schema-first/http-graphql-keyvalue.yaml'
2023-05-23 15:21:27,108 [main] INFO : workload URI: 'jar:file:///tmp/.mount_nb5oJh10P/usr/bin/nb5.jar!/activities/graphql-schema-first/http-graphql-tabular.yaml'
2023-05-23 15:21:27,114 [main] INFO : workload URI: 'jar:file:///tmp/.mount_nb5oJh10P/usr/bin/nb5.jar!/activities/baselines/http-rest-keyvalue.yaml'
2023-05-23 15:21:27,119 [main] INFO : workload URI: 'jar:file:///tmp/.mount_nb5oJh10P/usr/bin/nb5.jar!/activities/baselines/http-rest-tabular.yaml'
2023-05-23 15:21:27,124 [main] INFO : workload URI: 'jar:file:///tmp/.mount_nb5oJh10P/usr/bin/nb5.jar!/activities/baselines/http-rest-timeseries.yaml'
2023-05-23 15:21:27,129 [main] INFO : workload URI: 'jar:file:///tmp/.mount_nb5oJh10P/usr/bin/nb5.jar!/activities/baselines/http-rest-starter.yaml'
2023-05-23 15:21:27,134 [main] INFO : workload URI: 'jar:file:///tmp/.mount_nb5oJh10P/usr/bin/nb5.jar!/activities/baselines/cql-iot.yaml'
2023-05-23 15:21:27,142 [main] INFO : workload URI: 'jar:file:///tmp/.mount_nb5oJh10P/usr/bin/nb5.jar!/activities/baselines/graph-wheels.yaml'
2023-05-23 15:21:27,148 [main] INFO : workload URI: 'jar:file:///tmp/.mount_nb5oJh10P/usr/bin/nb5.jar!/activities/baselines/incremental.yaml'
2023-05-23 15:21:27,162 [main] INFO : workload URI: 'jar:file:///tmp/.mount_nb5oJh10P/usr/bin/nb5.jar!/activities/baselines/cql-keyvalue.yaml'
2023-05-23 15:21:27,167 [main] INFO : workload URI: 'jar:file:///tmp/.mount_nb5oJh10P/usr/bin/nb5.jar!/activities/baselines/cql-tabular.yaml'
2023-05-23 15:21:27,170 [main] INFO : workload URI: 'jar:file:///tmp/.mount_nb5oJh10P/usr/bin/nb5.jar!/activities/baselines/cql-starter.yaml'
2023-05-23 15:21:27,173 [main] INFO : workload URI: 'jar:file:///tmp/.mount_nb5oJh10P/usr/bin/nb5.jar!/activities/baselines/cql-iot-dse.yaml'
2023-05-23 15:21:27,177 [main] INFO : workload URI: 'jar:file:///tmp/.mount_nb5oJh10P/usr/bin/nb5.jar!/activities/examples/cql-rowops.yaml'
2023-05-23 15:21:27,181 [main] INFO : workload URI: 'jar:file:///tmp/.mount_nb5oJh10P/usr/bin/nb5.jar!/activities/examples/bindings/date.yaml'
2023-05-23 15:21:27,185 [main] INFO : workload URI: 'jar:file:///tmp/.mount_nb5oJh10P/usr/bin/nb5.jar!/activities/examples/bindings/text.yaml'
2023-05-23 15:21:27,188 [main] INFO : workload URI: 'jar:file:///tmp/.mount_nb5oJh10P/usr/bin/nb5.jar!/activities/examples/bindings/timeuuid.yaml'
2023-05-23 15:21:27,192 [main] INFO : workload URI: 'jar:file:///tmp/.mount_nb5oJh10P/usr/bin/nb5.jar!/activities/examples/bindings/timestamp.yaml'
2023-05-23 15:21:27,195 [main] INFO : workload URI: 'jar:file:///tmp/.mount_nb5oJh10P/usr/bin/nb5.jar!/activities/examples/bindings/expr.yaml'
2023-05-23 15:21:27,197 [main] INFO : workload URI: 'jar:file:///tmp/.mount_nb5oJh10P/usr/bin/nb5.jar!/activities/examples/bindings/uuid.yaml'
2023-05-23 15:21:27,200 [main] INFO : workload URI: 'jar:file:///tmp/.mount_nb5oJh10P/usr/bin/nb5.jar!/activities/examples/bindings/cqltypes.yaml'
2023-05-23 15:21:27,203 [main] INFO : workload URI: 'jar:file:///tmp/.mount_nb5oJh10P/usr/bin/nb5.jar!/activities/baselinesv2/cql-keyvalue2.yaml'
2023-05-23 15:21:27,208 [main] INFO : workload URI: 'jar:file:///tmp/.mount_nb5oJh10P/usr/bin/nb5.jar!/activities/baselinesv2/cql-tabular2.yaml'
2023-05-23 15:21:27,212 [main] INFO : workload URI: 'jar:file:///tmp/.mount_nb5oJh10P/usr/bin/nb5.jar!/activities/baselinesv2/cql-keyvalue2-bulky.yaml'
2023-05-23 15:21:27,216 [main] INFO : workload URI: 'jar:file:///tmp/.mount_nb5oJh10P/usr/bin/nb5.jar!/activities/baselinesv2/cql-timeseries2.yaml'
2023-05-23 15:21:27,223 [main] INFO : workload URI: 'jar:file:///tmp/.mount_nb5oJh10P/usr/bin/nb5.jar!/activities/baselinesv2/dynamodb-tabular2.yaml'
2023-05-23 15:21:27,228 [main] INFO : workload URI: 'jar:file:///tmp/.mount_nb5oJh10P/usr/bin/nb5.jar!/activities/baselinesv2/dynamodb-timeseries2.yaml'
2023-05-23 15:21:27,232 [main] INFO : workload URI: 'jar:file:///tmp/.mount_nb5oJh10P/usr/bin/nb5.jar!/activities/baselinesv2/dynamodb-keyvalue2.yaml'
2023-05-23 15:21:27,236 [main] INFO : workload URI: 'jar:file:///tmp/.mount_nb5oJh10P/usr/bin/nb5.jar!/activities/baselinesv2/mongodb-tabular2.yaml'
2023-05-23 15:21:27,240 [main] INFO : workload URI: 'jar:file:///tmp/.mount_nb5oJh10P/usr/bin/nb5.jar!/activities/baselinesv2/mongodb-keyvalue2.yaml'
2023-05-23 15:21:27,243 [main] INFO : workload URI: 'jar:file:///tmp/.mount_nb5oJh10P/usr/bin/nb5.jar!/activities/baselinesv2/mongodb-timeseries2.yaml'
